app/build/intermediates/manifest_merge_blame_file/debug/manifest-merger-blame-debug-report.txt
1<?xml version="1.0" encoding="utf-8"?>
2<manifest xmlns:android="http://schemas.android.com/apk/res/android"
3    package="com.example.lebonpetitcoin"
4    android:versionCode="1"
5    android:versionName="1.0" >
6
7    <uses-sdk
8        android:minSdkVersion="28"
8-->src/main/AndroidManifest.xml
9        android:targetSdkVersion="29" />
9-->src/main/AndroidManifest.xml
10
11    <uses-permission android:name="android.permission.INTERNET" />
11-->src/main/AndroidManifest.xml:5:5-67
11-->src/main/AndroidManifest.xml:5:22-64
12    <uses-permission android:name="android.permission.ACCESS_NETWORK_STATE" />
12-->src/main/AndroidManifest.xml:6:5-79
12-->src/main/AndroidManifest.xml:6:22-76
13    <uses-permission android:name="android.permission.WRITE_EXTERNAL_STORAGE" />
13-->src/main/AndroidManifest.xml:7:5-81
13-->src/main/AndroidManifest.xml:7:22-78
14    <uses-permission android:name="android.permission.READ_EXTERNAL_STORAGE" />
14-->src/main/AndroidManifest.xml:8:5-80
14-->src/main/AndroidManifest.xml:8:22-77
15    <uses-permission android:name="android.permission.CAMERA" />
15-->src/main/AndroidManifest.xml:9:5-65
15-->src/main/AndroidManifest.xml:9:22-62
16
17    <uses-feature
17-->src/main/AndroidManifest.xml:11:5-13:35
18        android:name="android.hardware.camera"
18-->src/main/AndroidManifest.xml:12:9-47
19        android:required="true" />
19-->src/main/AndroidManifest.xml:13:9-32
20
21    <uses-permission android:name="android.permission.WAKE_LOCK" /> <!-- Required by older versions of Google Play services to create IID tokens -->
21-->[com.google.firebase:firebase-messaging:21.1.0] AndroidManifest.xml:23:5-68
21-->[com.google.firebase:firebase-messaging:21.1.0] AndroidManifest.xml:23:22-65
22    <uses-permission android:name="com.google.android.c2dm.permission.RECEIVE" />
22-->[com.google.firebase:firebase-messaging:21.1.0] AndroidManifest.xml:25:5-82
22-->[com.google.firebase:firebase-messaging:21.1.0] AndroidManifest.xml:25:22-79
23    <uses-permission android:name="com.google.android.finsky.permission.BIND_GET_INSTALL_REFERRER_SERVICE" />
23-->[com.google.android.gms:play-services-measurement:18.0.3] AndroidManifest.xml:26:5-110
23-->[com.google.android.gms:play-services-measurement:18.0.3] AndroidManifest.xml:26:22-107
24
25    <application
25-->src/main/AndroidManifest.xml:15:5-60:19
26        android:allowBackup="true"
26-->src/main/AndroidManifest.xml:16:9-35
27        android:appComponentFactory="androidx.core.app.CoreComponentFactory"
27-->[androidx.core:core:1.3.1] AndroidManifest.xml:24:18-86
28        android:debuggable="true"
29        android:extractNativeLibs="false"
30        android:icon="@mipmap/ic_launcher"
30-->src/main/AndroidManifest.xml:17:9-43
31        android:label="@string/app_name"
31-->src/main/AndroidManifest.xml:18:9-41
32        android:roundIcon="@mipmap/ic_launcher_round"
32-->src/main/AndroidManifest.xml:19:9-54
33        android:supportsRtl="true"
33-->src/main/AndroidManifest.xml:20:9-35
34        android:theme="@style/Theme.LeBonPetitCoin" >
34-->src/main/AndroidManifest.xml:21:9-52
35        <activity android:name="com.example.lebonpetitcoin.SplashScreen" >
35-->src/main/AndroidManifest.xml:22:9-28:20
35-->src/main/AndroidManifest.xml:22:19-47
36            <intent-filter>
36-->src/main/AndroidManifest.xml:23:13-27:29
37                <action android:name="android.intent.action.MAIN" />
37-->src/main/AndroidManifest.xml:24:17-69
37-->src/main/AndroidManifest.xml:24:25-66
38
39                <category android:name="android.intent.category.LAUNCHER" />
39-->src/main/AndroidManifest.xml:26:17-77
39-->src/main/AndroidManifest.xml:26:27-74
40            </intent-filter>
41        </activity>
42        <activity android:name="com.example.lebonpetitcoin.MainActivity" >
42-->src/main/AndroidManifest.xml:29:9-30:20
42-->src/main/AndroidManifest.xml:29:19-47
43        </activity>
44        <activity android:name="com.example.lebonpetitcoin.AddAnnonceActivity" >
44-->src/main/AndroidManifest.xml:31:9-35:20
44-->src/main/AndroidManifest.xml:31:19-53
45            <intent-filter>
45-->src/main/AndroidManifest.xml:32:13-34:29
46                <action android:name="android.intent.action.VIEW" />
46-->src/main/AndroidManifest.xml:33:17-69
46-->src/main/AndroidManifest.xml:33:25-66
47            </intent-filter>
48        </activity>
49        <activity android:name="com.example.lebonpetitcoin.AddImageActivity" >
49-->src/main/AndroidManifest.xml:36:9-40:20
49-->src/main/AndroidManifest.xml:36:19-51
50            <intent-filter>
50-->src/main/AndroidManifest.xml:32:13-34:29
51                <action android:name="android.intent.action.VIEW" />
51-->src/main/AndroidManifest.xml:33:17-69
51-->src/main/AndroidManifest.xml:33:25-66
52            </intent-filter>
53        </activity>
54        <activity android:name="com.example.lebonpetitcoin.SearchableActivity" >
54-->src/main/AndroidManifest.xml:41:9-49:20
54-->src/main/AndroidManifest.xml:41:19-53
55            <intent-filter>
55-->src/main/AndroidManifest.xml:42:13-44:29
56                <action android:name="android.intent.action.SEARCH" />
56-->src/main/AndroidManifest.xml:43:17-71
56-->src/main/AndroidManifest.xml:43:25-68
57            </intent-filter>
58
59            <meta-data
59-->src/main/AndroidManifest.xml:46:13-48:54
60                android:name="android.app.searchable"
60-->src/main/AndroidManifest.xml:47:17-54
61                android:resource="@xml/searchable" />
61-->src/main/AndroidManifest.xml:48:17-51
62        </activity>
63
64        <provider
65            android:name="com.example.lebonpetitcoin.MonFileProvider"
65-->src/main/AndroidManifest.xml:52:13-44
66            android:authorities="com.example.lebonpetitcoin.nom.de.mon.package.provider"
66-->src/main/AndroidManifest.xml:53:13-79
67            android:exported="false"
67-->src/main/AndroidManifest.xml:54:13-37
68            android:grantUriPermissions="true" >
68-->src/main/AndroidManifest.xml:55:13-47
69            <meta-data
69-->src/main/AndroidManifest.xml:56:13-58:58
70                android:name="android.support.FILE_PROVIDER_PATHS"
70-->src/main/AndroidManifest.xml:57:17-67
71                android:resource="@xml/provider_paths" />
71-->src/main/AndroidManifest.xml:58:17-55
72        </provider>
73
74        <meta-data
74-->[com.firebaseui:firebase-ui-auth:7.1.1] AndroidManifest.xml:16:9-18:69
75            android:name="com.google.android.gms.version"
75-->[com.firebaseui:firebase-ui-auth:7.1.1] AndroidManifest.xml:17:13-58
76            android:value="@integer/google_play_services_version" />
76-->[com.firebaseui:firebase-ui-auth:7.1.1] AndroidManifest.xml:18:13-66
77        <meta-data
77-->[com.firebaseui:firebase-ui-auth:7.1.1] AndroidManifest.xml:19:9-21:63
78            android:name="com.facebook.sdk.ApplicationId"
78-->[com.firebaseui:firebase-ui-auth:7.1.1] AndroidManifest.xml:20:13-58
79            android:value="@string/facebook_application_id" />
79-->[com.firebaseui:firebase-ui-auth:7.1.1] AndroidManifest.xml:21:13-60
80
81        <activity
81-->[com.firebaseui:firebase-ui-auth:7.1.1] AndroidManifest.xml:23:9-27:61
82            android:name="com.firebase.ui.auth.KickoffActivity"
82-->[com.firebaseui:firebase-ui-auth:7.1.1] AndroidManifest.xml:24:13-64
83            android:exported="false"
83-->[com.firebaseui:firebase-ui-auth:7.1.1] AndroidManifest.xml:25:13-37
84            android:label=""
84-->[com.firebaseui:firebase-ui-auth:7.1.1] AndroidManifest.xml:26:13-29
85            android:theme="@style/FirebaseUI.Transparent" />
85-->[com.firebaseui:firebase-ui-auth:7.1.1] AndroidManifest.xml:27:13-58
86        <activity
86-->[com.firebaseui:firebase-ui-auth:7.1.1] AndroidManifest.xml:28:9-32:61
87            android:name="com.firebase.ui.auth.ui.idp.SingleSignInActivity"
87-->[com.firebaseui:firebase-ui-auth:7.1.1] AndroidManifest.xml:29:13-76
88            android:exported="false"
88-->[com.firebaseui:firebase-ui-auth:7.1.1] AndroidManifest.xml:30:13-37
89            android:label=""
89-->[com.firebaseui:firebase-ui-auth:7.1.1] AndroidManifest.xml:31:13-29
90            android:theme="@style/FirebaseUI.Transparent" />
90-->[com.firebaseui:firebase-ui-auth:7.1.1] AndroidManifest.xml:32:13-58
91        <activity
91-->[com.firebaseui:firebase-ui-auth:7.1.1] AndroidManifest.xml:33:9-37:61
92            android:name="com.firebase.ui.auth.ui.credentials.CredentialSaveActivity"
92-->[com.firebaseui:firebase-ui-auth:7.1.1] AndroidManifest.xml:34:13-86
93            android:exported="false"
93-->[com.firebaseui:firebase-ui-auth:7.1.1] AndroidManifest.xml:35:13-37
94            android:label=""
94-->[com.firebaseui:firebase-ui-auth:7.1.1] AndroidManifest.xml:36:13-29
95            android:theme="@style/FirebaseUI.Transparent" />
95-->[com.firebaseui:firebase-ui-auth:7.1.1] AndroidManifest.xml:37:13-58
96        <activity
96-->[com.firebaseui:firebase-ui-auth:7.1.1] AndroidManifest.xml:38:9-42:58
97            android:name="com.firebase.ui.auth.ui.email.RecoverPasswordActivity"
97-->[com.firebaseui:firebase-ui-auth:7.1.1] AndroidManifest.xml:39:13-81
98            android:exported="false"
98-->[com.firebaseui:firebase-ui-auth:7.1.1] AndroidManifest.xml:40:13-37
99            android:label="@string/fui_title_recover_password_activity"
99-->[com.firebaseui:firebase-ui-auth:7.1.1] AndroidManifest.xml:41:13-72
100            android:windowSoftInputMode="adjustResize" />
100-->[com.firebaseui:firebase-ui-auth:7.1.1] AndroidManifest.xml:42:13-55
101        <activity
101-->[com.firebaseui:firebase-ui-auth:7.1.1] AndroidManifest.xml:43:9-47:58
102            android:name="com.firebase.ui.auth.ui.email.EmailActivity"
102-->[com.firebaseui:firebase-ui-auth:7.1.1] AndroidManifest.xml:44:13-71
103            android:exported="false"
103-->[com.firebaseui:firebase-ui-auth:7.1.1] AndroidManifest.xml:45:13-37
104            android:label="@string/fui_sign_in_default"
104-->[com.firebaseui:firebase-ui-auth:7.1.1] AndroidManifest.xml:46:13-56
105            android:windowSoftInputMode="adjustResize" />
105-->[com.firebaseui:firebase-ui-auth:7.1.1] AndroidManifest.xml:47:13-55
106        <activity
106-->[com.firebaseui:firebase-ui-auth:7.1.1] AndroidManifest.xml:48:9-52:77
107            android:name="com.firebase.ui.auth.ui.phone.PhoneActivity"
107-->[com.firebaseui:firebase-ui-auth:7.1.1] AndroidManifest.xml:49:13-71
108            android:exported="false"
108-->[com.firebaseui:firebase-ui-auth:7.1.1] AndroidManifest.xml:50:13-37
109            android:label="@string/fui_sign_in_with_phone_number"
109-->[com.firebaseui:firebase-ui-auth:7.1.1] AndroidManifest.xml:51:13-66
110            android:windowSoftInputMode="adjustResize|stateAlwaysVisible" />
110-->[com.firebaseui:firebase-ui-auth:7.1.1] AndroidManifest.xml:52:13-74
111        <activity
111-->[com.firebaseui:firebase-ui-auth:7.1.1] AndroidManifest.xml:53:9-57:58
112            android:name="com.firebase.ui.auth.ui.idp.WelcomeBackIdpPrompt"
112-->[com.firebaseui:firebase-ui-auth:7.1.1] AndroidManifest.xml:54:13-76
113            android:exported="false"
113-->[com.firebaseui:firebase-ui-auth:7.1.1] AndroidManifest.xml:55:13-37
114            android:label="@string/fui_title_welcome_back_idp_prompt"
114-->[com.firebaseui:firebase-ui-auth:7.1.1] AndroidManifest.xml:56:13-70
115            android:windowSoftInputMode="adjustResize" />
115-->[com.firebaseui:firebase-ui-auth:7.1.1] AndroidManifest.xml:57:13-55
116        <activity
116-->[com.firebaseui:firebase-ui-auth:7.1.1] AndroidManifest.xml:58:9-62:58
117            android:name="com.firebase.ui.auth.ui.email.WelcomeBackPasswordPrompt"
117-->[com.firebaseui:firebase-ui-auth:7.1.1] AndroidManifest.xml:59:13-83
118            android:exported="false"
118-->[com.firebaseui:firebase-ui-auth:7.1.1] AndroidManifest.xml:60:13-37
119            android:label="@string/fui_title_welcome_back_password_prompt"
119-->[com.firebaseui:firebase-ui-auth:7.1.1] AndroidManifest.xml:61:13-75
120            android:windowSoftInputMode="adjustResize" />
120-->[com.firebaseui:firebase-ui-auth:7.1.1] AndroidManifest.xml:62:13-55
121        <activity
121-->[com.firebaseui:firebase-ui-auth:7.1.1] AndroidManifest.xml:63:9-67:58
122            android:name="com.firebase.ui.auth.ui.email.WelcomeBackEmailLinkPrompt"
122-->[com.firebaseui:firebase-ui-auth:7.1.1] AndroidManifest.xml:64:13-84
123            android:exported="false"
123-->[com.firebaseui:firebase-ui-auth:7.1.1] AndroidManifest.xml:65:13-37
124            android:label="@string/fui_title_welcome_back_password_prompt"
124-->[com.firebaseui:firebase-ui-auth:7.1.1] AndroidManifest.xml:66:13-75
125            android:windowSoftInputMode="adjustResize" />
125-->[com.firebaseui:firebase-ui-auth:7.1.1] AndroidManifest.xml:67:13-55
126        <activity
126-->[com.firebaseui:firebase-ui-auth:7.1.1] AndroidManifest.xml:68:9-73:58
127            android:name="com.firebase.ui.auth.ui.email.EmailLinkCatcherActivity"
127-->[com.firebaseui:firebase-ui-auth:7.1.1] AndroidManifest.xml:69:13-82
128            android:exported="false"
128-->[com.firebaseui:firebase-ui-auth:7.1.1] AndroidManifest.xml:70:13-37
129            android:label=""
129-->[com.firebaseui:firebase-ui-auth:7.1.1] AndroidManifest.xml:71:13-29
130            android:theme="@style/FirebaseUI.Transparent"
130-->[com.firebaseui:firebase-ui-auth:7.1.1] AndroidManifest.xml:72:13-58
131            android:windowSoftInputMode="adjustResize" />
131-->[com.firebaseui:firebase-ui-auth:7.1.1] AndroidManifest.xml:73:13-55
132        <activity
132-->[com.firebaseui:firebase-ui-auth:7.1.1] AndroidManifest.xml:74:9-78:58
133            android:name="com.firebase.ui.auth.ui.email.EmailLinkErrorRecoveryActivity"
133-->[com.firebaseui:firebase-ui-auth:7.1.1] AndroidManifest.xml:75:13-88
134            android:exported="false"
134-->[com.firebaseui:firebase-ui-auth:7.1.1] AndroidManifest.xml:76:13-37
135            android:label="@string/fui_sign_in_default"
135-->[com.firebaseui:firebase-ui-auth:7.1.1] AndroidManifest.xml:77:13-56
136            android:windowSoftInputMode="adjustResize" />
136-->[com.firebaseui:firebase-ui-auth:7.1.1] AndroidManifest.xml:78:13-55
137        <activity
137-->[com.firebaseui:firebase-ui-auth:7.1.1] AndroidManifest.xml:79:9-82:65
138            android:name="com.firebase.ui.auth.ui.idp.AuthMethodPickerActivity"
138-->[com.firebaseui:firebase-ui-auth:7.1.1] AndroidManifest.xml:80:13-80
139            android:exported="false"
139-->[com.firebaseui:firebase-ui-auth:7.1.1] AndroidManifest.xml:81:13-37
140            android:label="@string/fui_default_toolbar_title" />
140-->[com.firebaseui:firebase-ui-auth:7.1.1] AndroidManifest.xml:82:13-62
141        <activity
141-->[com.firebaseui:firebase-ui-auth:7.1.1] AndroidManifest.xml:83:9-87:48
142            android:name="com.facebook.FacebookActivity"
142-->[com.firebaseui:firebase-ui-auth:7.1.1] AndroidManifest.xml:84:13-57
143            android:configChanges="keyboard|keyboardHidden|screenLayout|screenSize|orientation"
143-->[com.firebaseui:firebase-ui-auth:7.1.1] AndroidManifest.xml:85:13-96
144            android:label="@string/app_name" />
144-->[com.firebaseui:firebase-ui-auth:7.1.1] AndroidManifest.xml:86:13-45
145        <activity
145-->[com.firebaseui:firebase-ui-auth:7.1.1] AndroidManifest.xml:88:9-100:20
146            android:name="com.facebook.CustomTabActivity"
146-->[com.firebaseui:firebase-ui-auth:7.1.1] AndroidManifest.xml:89:13-58
147            android:exported="true" >
147-->[com.firebaseui:firebase-ui-auth:7.1.1] AndroidManifest.xml:90:13-36
148            <intent-filter>
148-->[com.firebaseui:firebase-ui-auth:7.1.1] AndroidManifest.xml:92:13-99:29
149                <action android:name="android.intent.action.VIEW" />
149-->src/main/AndroidManifest.xml:33:17-69
149-->src/main/AndroidManifest.xml:33:25-66
150
151                <category android:name="android.intent.category.DEFAULT" />
151-->[com.firebaseui:firebase-ui-auth:7.1.1] AndroidManifest.xml:95:17-76
151-->[com.firebaseui:firebase-ui-auth:7.1.1] AndroidManifest.xml:95:27-73
152                <category android:name="android.intent.category.BROWSABLE" />
152-->[com.firebaseui:firebase-ui-auth:7.1.1] AndroidManifest.xml:96:17-78
152-->[com.firebaseui:firebase-ui-auth:7.1.1] AndroidManifest.xml:96:27-75
153
154                <data android:scheme="@string/facebook_login_protocol_scheme" />
154-->[com.firebaseui:firebase-ui-auth:7.1.1] AndroidManifest.xml:98:17-81
154-->[com.firebaseui:firebase-ui-auth:7.1.1] AndroidManifest.xml:98:23-78
155            </intent-filter>
156        </activity>
157
158        <provider
158-->[com.firebaseui:firebase-ui-auth:7.1.1] AndroidManifest.xml:102:9-106:38
159            android:name="com.firebase.ui.auth.data.client.AuthUiInitProvider"
159-->[com.firebaseui:firebase-ui-auth:7.1.1] AndroidManifest.xml:103:13-79
160            android:authorities="com.example.lebonpetitcoin.authuiinitprovider"
160-->[com.firebaseui:firebase-ui-auth:7.1.1] AndroidManifest.xml:104:13-70
161            android:exported="false"
161-->[com.firebaseui:firebase-ui-auth:7.1.1] AndroidManifest.xml:105:13-37
162            android:initOrder="90" />
162-->[com.firebaseui:firebase-ui-auth:7.1.1] AndroidManifest.xml:106:13-35
163
164        <service
164-->[androidx.room:room-runtime:2.2.6] AndroidManifest.xml:25:9-28:40
165            android:name="androidx.room.MultiInstanceInvalidationService"
165-->[androidx.room:room-runtime:2.2.6] AndroidManifest.xml:26:13-74
166            android:directBootAware="true"
166-->[androidx.room:room-runtime:2.2.6] AndroidManifest.xml:27:13-43
167            android:exported="false" />
167-->[androidx.room:room-runtime:2.2.6] AndroidManifest.xml:28:13-37
168        <service
168-->[com.google.firebase:firebase-storage:19.2.2] AndroidManifest.xml:30:9-36:19
169            android:name="com.google.firebase.components.ComponentDiscoveryService"
169-->[com.google.firebase:firebase-storage:19.2.2] AndroidManifest.xml:31:13-84
170            android:directBootAware="true"
170-->[com.google.firebase:firebase-common:19.5.0] AndroidManifest.xml:35:13-43
171            android:exported="false" >
171-->[com.google.firebase:firebase-storage:19.2.2] AndroidManifest.xml:32:13-37
172            <meta-data
172-->[com.google.firebase:firebase-storage:19.2.2] AndroidManifest.xml:33:13-35:85
173                android:name="com.google.firebase.components:com.google.firebase.storage.StorageRegistrar"
173-->[com.google.firebase:firebase-storage:19.2.2] AndroidManifest.xml:34:17-107
174                android:value="com.google.firebase.components.ComponentRegistrar" />
174-->[com.google.firebase:firebase-storage:19.2.2] AndroidManifest.xml:35:17-82
175            <meta-data
175-->[com.google.firebase:firebase-messaging:21.1.0] AndroidManifest.xml:52:13-54:85
176                android:name="com.google.firebase.components:com.google.firebase.messaging.FirebaseMessagingRegistrar"
176-->[com.google.firebase:firebase-messaging:21.1.0] AndroidManifest.xml:53:17-119
177                android:value="com.google.firebase.components.ComponentRegistrar" />
177-->[com.google.firebase:firebase-messaging:21.1.0] AndroidManifest.xml:54:17-82
178            <meta-data
178-->[com.google.firebase:firebase-datatransport:17.0.10] AndroidManifest.xml:28:13-30:85
179                android:name="com.google.firebase.components:com.google.firebase.datatransport.TransportRegistrar"
179-->[com.google.firebase:firebase-datatransport:17.0.10] AndroidManifest.xml:29:17-115
180                android:value="com.google.firebase.components.ComponentRegistrar" />
180-->[com.google.firebase:firebase-datatransport:17.0.10] AndroidManifest.xml:30:17-82
181            <meta-data
181-->[com.google.firebase:firebase-auth:20.0.4] AndroidManifest.xml:77:13-79:85
182                android:name="com.google.firebase.components:com.google.firebase.auth.FirebaseAuthRegistrar"
182-->[com.google.firebase:firebase-auth:20.0.4] AndroidManifest.xml:78:17-109
183                android:value="com.google.firebase.components.ComponentRegistrar" />
183-->[com.google.firebase:firebase-auth:20.0.4] AndroidManifest.xml:79:17-82
184            <meta-data
184-->[com.google.firebase:firebase-iid:21.1.0] AndroidManifest.xml:32:13-34:85
185                android:name="com.google.firebase.components:com.google.firebase.iid.Registrar"
185-->[com.google.firebase:firebase-iid:21.1.0] AndroidManifest.xml:33:17-96
186                android:value="com.google.firebase.components.ComponentRegistrar" />
186-->[com.google.firebase:firebase-iid:21.1.0] AndroidManifest.xml:34:17-82
187            <meta-data
187-->[com.google.firebase:firebase-firestore:22.1.2] AndroidManifest.xml:20:13-22:85
188                android:name="com.google.firebase.components:com.google.firebase.firestore.FirestoreRegistrar"
188-->[com.google.firebase:firebase-firestore:22.1.2] AndroidManifest.xml:21:17-111
189                android:value="com.google.firebase.components.ComponentRegistrar" />
189-->[com.google.firebase:firebase-firestore:22.1.2] AndroidManifest.xml:22:17-82
190            <meta-data
190-->[com.google.firebase:firebase-database:19.7.0] AndroidManifest.xml:32:13-34:85
191                android:name="com.google.firebase.components:com.google.firebase.database.DatabaseRegistrar"
191-->[com.google.firebase:firebase-database:19.7.0] AndroidManifest.xml:33:17-109
192                android:value="com.google.firebase.components.ComponentRegistrar" />
192-->[com.google.firebase:firebase-database:19.7.0] AndroidManifest.xml:34:17-82
193            <meta-data
193-->[com.google.android.gms:play-services-measurement-api:18.0.3] AndroidManifest.xml:30:13-32:85
194                android:name="com.google.firebase.components:com.google.firebase.analytics.connector.internal.AnalyticsConnectorRegistrar"
194-->[com.google.android.gms:play-services-measurement-api:18.0.3] AndroidManifest.xml:31:17-139
195                android:value="com.google.firebase.components.ComponentRegistrar" />
195-->[com.google.android.gms:play-services-measurement-api:18.0.3] AndroidManifest.xml:32:17-82
196            <meta-data
196-->[com.google.firebase:firebase-installations:16.3.5] AndroidManifest.xml:18:13-20:85
197                android:name="com.google.firebase.components:com.google.firebase.installations.FirebaseInstallationsRegistrar"
197-->[com.google.firebase:firebase-installations:16.3.5] AndroidManifest.xml:19:17-127
198                android:value="com.google.firebase.components.ComponentRegistrar" />
198-->[com.google.firebase:firebase-installations:16.3.5] AndroidManifest.xml:20:17-82
199            <!--
200                This registrar is not defined in the dynamic-module-support sdk itself to allow non-firebase
201                clients to use it as well, by defining this registrar in their own core/common library.
202            -->
203            <meta-data
203-->[com.google.firebase:firebase-common:19.5.0] AndroidManifest.xml:43:13-45:85
204                android:name="com.google.firebase.components:com.google.firebase.dynamicloading.DynamicLoadingRegistrar"
204-->[com.google.firebase:firebase-common:19.5.0] AndroidManifest.xml:44:17-121
205                android:value="com.google.firebase.components.ComponentRegistrar" />
205-->[com.google.firebase:firebase-common:19.5.0] AndroidManifest.xml:45:17-82
206        </service>
207
208        <receiver
208-->[com.google.firebase:firebase-messaging:21.1.0] AndroidManifest.xml:28:9-35:20
209            android:name="com.google.firebase.iid.FirebaseInstanceIdReceiver"
209-->[com.google.firebase:firebase-messaging:21.1.0] AndroidManifest.xml:29:13-78
210            android:exported="true"
210-->[com.google.firebase:firebase-messaging:21.1.0] AndroidManifest.xml:30:13-36
211            android:permission="com.google.android.c2dm.permission.SEND" >
211-->[com.google.firebase:firebase-messaging:21.1.0] AndroidManifest.xml:31:13-73
212            <intent-filter>
212-->[com.google.firebase:firebase-messaging:21.1.0] AndroidManifest.xml:32:13-34:29
213                <action android:name="com.google.android.c2dm.intent.RECEIVE" />
213-->[com.google.firebase:firebase-messaging:21.1.0] AndroidManifest.xml:33:17-81
213-->[com.google.firebase:firebase-messaging:21.1.0] AndroidManifest.xml:33:25-78
214            </intent-filter>
215        </receiver>
216        <!--
217             FirebaseMessagingService performs security checks at runtime,
218             but set to not exported to explicitly avoid allowing another app to call it.
219        -->
220        <service
220-->[com.google.firebase:firebase-messaging:21.1.0] AndroidManifest.xml:41:9-48:19
221            android:name="com.google.firebase.messaging.FirebaseMessagingService"
221-->[com.google.firebase:firebase-messaging:21.1.0] AndroidManifest.xml:42:13-82
222            android:directBootAware="true"
222-->[com.google.firebase:firebase-messaging:21.1.0] AndroidManifest.xml:43:13-43
223            android:exported="false" >
223-->[com.google.firebase:firebase-messaging:21.1.0] AndroidManifest.xml:44:13-37
224            <intent-filter android:priority="-500" >
224-->[com.google.firebase:firebase-messaging:21.1.0] AndroidManifest.xml:45:13-47:29
224-->[com.google.firebase:firebase-messaging:21.1.0] AndroidManifest.xml:45:28-51
225                <action android:name="com.google.firebase.MESSAGING_EVENT" />
225-->[com.google.firebase:firebase-messaging:21.1.0] AndroidManifest.xml:46:17-78
225-->[com.google.firebase:firebase-messaging:21.1.0] AndroidManifest.xml:46:25-75
226            </intent-filter>
227        </service>
228
229        <provider
229-->[com.squareup.picasso:picasso:2.71828] AndroidManifest.xml:8:9-11:40
230            android:name="com.squareup.picasso.PicassoProvider"
230-->[com.squareup.picasso:picasso:2.71828] AndroidManifest.xml:9:13-64
231            android:authorities="com.example.lebonpetitcoin.com.squareup.picasso"
231-->[com.squareup.picasso:picasso:2.71828] AndroidManifest.xml:10:13-72
232            android:exported="false" />
232-->[com.squareup.picasso:picasso:2.71828] AndroidManifest.xml:11:13-37
233
234        <service
234-->[com.google.android.datatransport:transport-backend-cct:2.3.3] AndroidManifest.xml:29:9-35:19
235            android:name="com.google.android.datatransport.runtime.backends.TransportBackendDiscovery"
235-->[com.google.android.datatransport:transport-backend-cct:2.3.3] AndroidManifest.xml:30:13-103
236            android:exported="false" >
236-->[com.google.android.datatransport:transport-backend-cct:2.3.3] AndroidManifest.xml:31:13-37
237            <meta-data
237-->[com.google.android.datatransport:transport-backend-cct:2.3.3] AndroidManifest.xml:32:13-34:39
238                android:name="backend:com.google.android.datatransport.cct.CctBackendFactory"
238-->[com.google.android.datatransport:transport-backend-cct:2.3.3] AndroidManifest.xml:33:17-94
239                android:value="cct" />
239-->[com.google.android.datatransport:transport-backend-cct:2.3.3] AndroidManifest.xml:34:17-36
240        </service>
241
242        <activity
242-->[com.google.firebase:firebase-auth:20.0.4] AndroidManifest.xml:27:9-44:20
243            android:name="com.google.firebase.auth.internal.GenericIdpActivity"
243-->[com.google.firebase:firebase-auth:20.0.4] AndroidManifest.xml:28:13-80
244            android:excludeFromRecents="true"
244-->[com.google.firebase:firebase-auth:20.0.4] AndroidManifest.xml:29:13-46
245            android:exported="true"
245-->[com.google.firebase:firebase-auth:20.0.4] AndroidManifest.xml:30:13-36
246            android:launchMode="singleTask"
246-->[com.google.firebase:firebase-auth:20.0.4] AndroidManifest.xml:31:13-44
247            android:theme="@android:style/Theme.Translucent.NoTitleBar" >
247-->[com.google.firebase:firebase-auth:20.0.4] AndroidManifest.xml:32:13-72
248            <intent-filter>
248-->[com.google.firebase:firebase-auth:20.0.4] AndroidManifest.xml:33:13-43:29
249                <action android:name="android.intent.action.VIEW" />
249-->src/main/AndroidManifest.xml:33:17-69
249-->src/main/AndroidManifest.xml:33:25-66
250
251                <category android:name="android.intent.category.DEFAULT" />
251-->[com.firebaseui:firebase-ui-auth:7.1.1] AndroidManifest.xml:95:17-76
251-->[com.firebaseui:firebase-ui-auth:7.1.1] AndroidManifest.xml:95:27-73
252                <category android:name="android.intent.category.BROWSABLE" />
252-->[com.firebaseui:firebase-ui-auth:7.1.1] AndroidManifest.xml:96:17-78
252-->[com.firebaseui:firebase-ui-auth:7.1.1] AndroidManifest.xml:96:27-75
253
254                <data
254-->[com.firebaseui:firebase-ui-auth:7.1.1] AndroidManifest.xml:98:17-81
255                    android:host="firebase.auth"
256                    android:path="/"
257                    android:scheme="genericidp" />
257-->[com.firebaseui:firebase-ui-auth:7.1.1] AndroidManifest.xml:98:23-78
258            </intent-filter>
259        </activity>
260        <activity
260-->[com.google.firebase:firebase-auth:20.0.4] AndroidManifest.xml:45:9-62:20
261            android:name="com.google.firebase.auth.internal.RecaptchaActivity"
261-->[com.google.firebase:firebase-auth:20.0.4] AndroidManifest.xml:46:13-79
262            android:excludeFromRecents="true"
262-->[com.google.firebase:firebase-auth:20.0.4] AndroidManifest.xml:47:13-46
263            android:exported="true"
263-->[com.google.firebase:firebase-auth:20.0.4] AndroidManifest.xml:48:13-36
264            android:launchMode="singleTask"
264-->[com.google.firebase:firebase-auth:20.0.4] AndroidManifest.xml:49:13-44
265            android:theme="@android:style/Theme.Translucent.NoTitleBar" >
265-->[com.google.firebase:firebase-auth:20.0.4] AndroidManifest.xml:50:13-72
266            <intent-filter>
266-->[com.google.firebase:firebase-auth:20.0.4] AndroidManifest.xml:51:13-61:29
267                <action android:name="android.intent.action.VIEW" />